2025-05-04 21:58:41,101 INFO: 应用启动 [in D:\学习\24\3-信安赛\xinansai-backend\genguardian_backend\app.py:36]
2025-05-04 21:58:41,105 INFO: 发现 21 个可用页面 [in D:\学习\24\3-信安赛\xinansai-backend\genguardian_backend\app.py:296]
2025-05-04 22:01:35,809 INFO: 应用启动 [in D:\学习\24\3-信安赛\xinansai-backend\genguardian_backend\app.py:38]
2025-05-04 22:01:35,814 INFO: 发现 21 个可用页面 [in D:\学习\24\3-信安赛\xinansai-backend\genguardian_backend\app.py:304]
2025-05-04 22:01:48,398 INFO: Serving static file: css/main.css [in D:\学习\24\3-信安赛\xinansai-backend\genguardian_backend\app.py:80]
2025-05-04 22:01:48,400 INFO: Serving static file: js/citymap.js [in D:\学习\24\3-信安赛\xinansai-backend\genguardian_backend\app.py:80]
2025-05-04 22:01:48,401 INFO: Serving static file: js/echarts.min.js [in D:\学习\24\3-信安赛\xinansai-backend\genguardian_backend\app.py:80]
2025-05-04 22:01:48,438 INFO: Serving static file: js/jquery.min.js [in D:\学习\24\3-信安赛\xinansai-backend\genguardian_backend\app.py:80]
2025-05-04 22:01:48,441 INFO: Serving static file: js/app.js [in D:\学习\24\3-信安赛\xinansai-backend\genguardian_backend\app.py:80]
2025-05-04 22:01:49,878 INFO: Serving static file: map/china.json [in D:\学习\24\3-信安赛\xinansai-backend\genguardian_backend\app.py:80]
2025-05-04 22:08:38,631 INFO: 应用启动 [in D:\学习\24\3-信安赛\xinansai-backend\genguardian_backend\app.py:38]
2025-05-04 22:08:38,636 INFO: 发现 21 个可用页面 [in D:\学习\24\3-信安赛\xinansai-backend\genguardian_backend\app.py:342]
2025-05-04 22:15:27,311 INFO: 应用启动 [in D:\学习\24\3-信安赛\xinansai-backend\genguardian_backend\app.py:38]
2025-05-04 22:15:27,316 INFO: 发现 21 个可用页面 [in D:\学习\24\3-信安赛\xinansai-backend\genguardian_backend\app.py:356]
2025-05-04 22:26:42,450 INFO: 应用启动 [in D:\学习\24\3-信安赛\xinansai-backend\genguardian_backend\app.py:38]
2025-05-04 22:26:42,453 INFO: 发现 21 个可用页面 [in D:\学习\24\3-信安赛\xinansai-backend\genguardian_backend\app.py:397]
2025-05-04 22:34:55,208 INFO: 应用启动 [in D:\学习\24\3-信安赛\xinansai-backend\genguardian_backend\app.py:38]
2025-05-04 22:34:55,211 INFO: 发现 21 个可用页面 [in D:\学习\24\3-信安赛\xinansai-backend\genguardian_backend\app.py:406]
2025-05-04 22:35:37,969 INFO: 应用启动 [in D:\学习\24\3-信安赛\xinansai-backend\genguardian_backend\app.py:38]
2025-05-04 22:35:37,974 INFO: 发现 21 个可用页面 [in D:\学习\24\3-信安赛\xinansai-backend\genguardian_backend\app.py:406]
2025-05-04 22:42:24,499 INFO: 应用启动 [in D:\学习\24\3-信安赛\xinansai-backend\genguardian_backend\app.py:38]
2025-05-04 22:42:24,502 INFO: 发现 21 个可用页面 [in D:\学习\24\3-信安赛\xinansai-backend\genguardian_backend\app.py:428]
2025-05-04 22:58:57,075 INFO: Serving static file: css/main.css [in D:\学习\24\3-信安赛\xinansai-backend\genguardian_backend\app.py:80]
2025-05-04 22:58:57,094 INFO: Serving static file: js/echarts.min.js [in D:\学习\24\3-信安赛\xinansai-backend\genguardian_backend\app.py:80]
2025-05-04 22:58:57,095 INFO: Serving static file: js/citymap.js [in D:\学习\24\3-信安赛\xinansai-backend\genguardian_backend\app.py:80]
2025-05-05 00:14:25,564 INFO: Serving static file: js/jquery.min.js [in D:\学习\24\3-信安赛\xinansai-backend\genguardian_backend\app.py:80]
2025-05-05 00:14:25,567 INFO: Serving static file: js/app.js [in D:\学习\24\3-信安赛\xinansai-backend\genguardian_backend\app.py:80]
2025-05-05 00:14:25,634 INFO: Serving static file: map/china.json [in D:\学习\24\3-信安赛\xinansai-backend\genguardian_backend\app.py:80]
2025-05-05 00:35:21,665 INFO: 应用启动 [in D:\学习\24\3-信安赛\xinansai-backend\genguardian_backend\app.py:38]
2025-05-05 00:35:21,669 INFO: 发现 21 个可用页面 [in D:\学习\24\3-信安赛\xinansai-backend\genguardian_backend\app.py:428]
2025-05-05 00:54:07,260 INFO: 应用启动 [in D:\学习\24\3-信安赛\xinansai-backend\genguardian_backend\app.py:38]
2025-05-05 00:54:07,263 INFO: 发现 21 个可用页面 [in D:\学习\24\3-信安赛\xinansai-backend\genguardian_backend\app.py:428]
2025-05-05 00:55:26,204 INFO: 应用启动 [in D:\学习\24\3-信安赛\xinansai-backend\genguardian_backend\app.py:38]
2025-05-05 00:55:26,207 INFO: 发现 21 个可用页面 [in D:\学习\24\3-信安赛\xinansai-backend\genguardian_backend\app.py:428]
2025-05-05 01:00:19,558 INFO: 应用启动 [in D:\学习\24\3-信安赛\xinansai-backend\genguardian_backend\app.py:38]
2025-05-05 01:00:19,560 INFO: 发现 21 个可用页面 [in D:\学习\24\3-信安赛\xinansai-backend\genguardian_backend\app.py:428]
2025-05-05 01:05:55,529 INFO: 应用启动 [in D:\学习\24\3-信安赛\xinansai-backend\genguardian_backend\app.py:39]
2025-05-05 01:05:55,532 INFO: 发现 21 个可用页面 [in D:\学习\24\3-信安赛\xinansai-backend\genguardian_backend\app.py:575]
2025-05-05 04:04:25,397 INFO: 应用启动 [in D:\学习\24\3-信安赛\xinansai-backend\genguardian_backend\app.py:39]
2025-05-05 04:04:25,400 INFO: 发现 21 个可用页面 [in D:\学习\24\3-信安赛\xinansai-backend\genguardian_backend\app.py:575]
2025-05-05 04:05:38,787 INFO: 应用启动 [in D:\学习\24\3-信安赛\xinansai-backend\genguardian_backend\app.py:39]
2025-05-05 04:05:38,790 INFO: 发现 21 个可用页面 [in D:\学习\24\3-信安赛\xinansai-backend\genguardian_backend\app.py:602]
2025-05-05 04:18:38,968 INFO: 应用启动 [in D:\学习\24\3-信安赛\xinansai-backend\genguardian_backend\app.py:39]
2025-05-05 04:18:38,971 INFO: 发现 21 个可用页面 [in D:\学习\24\3-信安赛\xinansai-backend\genguardian_backend\app.py:575]
2025-05-05 17:19:05,810 INFO: 应用启动 [in D:\学习\24\3-信安赛\xinansai-backend\genguardian_backend\app.py:39]
2025-05-05 17:19:05,815 INFO: 发现 21 个可用页面 [in D:\学习\24\3-信安赛\xinansai-backend\genguardian_backend\app.py:575]
2025-05-05 18:55:09,519 INFO: 应用启动 [in D:\学习\24\3-信安赛\xinansai-backend\genguardian_backend\app.py:39]
2025-05-05 18:55:09,525 INFO: 发现 21 个可用页面 [in D:\学习\24\3-信安赛\xinansai-backend\genguardian_backend\app.py:654]
2025-05-05 19:11:49,683 INFO: 应用启动 [in D:\学习\24\3-信安赛\xinansai-backend\genguardian_backend\app.py:39]
2025-05-05 19:11:49,687 INFO: 发现 21 个可用页面 [in D:\学习\24\3-信安赛\xinansai-backend\genguardian_backend\app.py:654]
2025-05-05 19:28:44,665 INFO: 应用启动 [in D:\学习\24\3-信安赛\xinansai-backend\genguardian_backend\app.py:39]
2025-05-05 19:28:44,669 INFO: 发现 21 个可用页面 [in D:\学习\24\3-信安赛\xinansai-backend\genguardian_backend\app.py:654]
2025-05-05 19:41:01,717 INFO: Serving static file: css/main.css [in D:\学习\24\3-信安赛\xinansai-backend\genguardian_backend\app.py:240]
2025-05-05 19:41:01,729 INFO: Serving static file: js/echarts.min.js [in D:\学习\24\3-信安赛\xinansai-backend\genguardian_backend\app.py:240]
2025-05-05 19:41:01,733 INFO: Serving static file: js/citymap.js [in D:\学习\24\3-信安赛\xinansai-backend\genguardian_backend\app.py:240]
2025-05-05 20:33:47,725 INFO: Serving static file: js/app.js [in D:\学习\24\3-信安赛\xinansai-backend\genguardian_backend\app.py:240]
2025-05-05 20:33:47,729 INFO: Serving static file: js/jquery.min.js [in D:\学习\24\3-信安赛\xinansai-backend\genguardian_backend\app.py:240]
2025-05-05 21:24:10,722 INFO: 应用启动 [in D:\学习\24\3-信安赛\xinansai-backend\genguardian_backend\app.py:39]
2025-05-05 21:24:10,726 INFO: 发现 21 个可用页面 [in D:\学习\24\3-信安赛\xinansai-backend\genguardian_backend\app.py:654]
2025-05-05 23:39:18,542 INFO: 应用启动 [in D:\学习\24\3-信安赛\xinansai-backend\genguardian_backend\app.py:39]
2025-05-05 23:39:18,545 INFO: 发现 21 个可用页面 [in D:\学习\24\3-信安赛\xinansai-backend\genguardian_backend\app.py:654]
2025-05-05 23:39:22,077 INFO: Serving static file: map/china.json [in D:\学习\24\3-信安赛\xinansai-backend\genguardian_backend\app.py:240]
2025-05-05 23:55:43,891 INFO: 应用启动 [in D:\学习\24\3-信安赛\xinansai-backend\genguardian_backend\app.py:39]
2025-05-05 23:55:43,894 INFO: 发现 21 个可用页面 [in D:\学习\24\3-信安赛\xinansai-backend\genguardian_backend\app.py:654]
2025-05-06 00:30:38,303 INFO: 应用启动 [in D:\学习\24\3-信安赛\xinansai-backend\genguardian_backend\app.py:39]
2025-05-06 00:30:38,306 INFO: 发现 21 个可用页面 [in D:\学习\24\3-信安赛\xinansai-backend\genguardian_backend\app.py:654]
2025-05-06 00:45:50,272 INFO: 应用启动 [in D:\学习\24\3-信安赛\xinansai-backend\genguardian_backend\app.py:39]
2025-05-06 00:45:50,275 INFO: 发现 21 个可用页面 [in D:\学习\24\3-信安赛\xinansai-backend\genguardian_backend\app.py:654]
2025-05-06 01:05:00,981 INFO: Serving static file: css/main.css [in D:\学习\24\3-信安赛\xinansai-backend\genguardian_backend\app.py:240]
2025-05-06 01:05:00,988 INFO: Serving static file: js/echarts.min.js [in D:\学习\24\3-信安赛\xinansai-backend\genguardian_backend\app.py:240]
2025-05-06 01:05:00,991 INFO: Serving static file: js/citymap.js [in D:\学习\24\3-信安赛\xinansai-backend\genguardian_backend\app.py:240]
2025-05-06 01:05:01,129 INFO: Serving static file: js/jquery.min.js [in D:\学习\24\3-信安赛\xinansai-backend\genguardian_backend\app.py:240]
2025-05-06 01:05:01,196 INFO: Serving static file: js/app.js [in D:\学习\24\3-信安赛\xinansai-backend\genguardian_backend\app.py:240]
2025-05-06 01:05:30,394 INFO: 应用启动 [in D:\学习\24\3-信安赛\xinansai-backend\genguardian_backend\app.py:39]
2025-05-06 01:05:30,398 INFO: 发现 21 个可用页面 [in D:\学习\24\3-信安赛\xinansai-backend\genguardian_backend\app.py:654]
2025-05-06 01:05:51,740 INFO: Serving static file: map/china.json [in D:\学习\24\3-信安赛\xinansai-backend\genguardian_backend\app.py:240]
2025-05-06 01:26:27,671 INFO: 应用启动 [in D:\学习\24\3-信安赛\xinansai-backend\genguardian_backend\app.py:39]
2025-05-06 01:26:27,674 INFO: 发现 21 个可用页面 [in D:\学习\24\3-信安赛\xinansai-backend\genguardian_backend\app.py:774]
2025-05-06 01:26:55,947 INFO: Serving static file: css/main.css [in D:\学习\24\3-信安赛\xinansai-backend\genguardian_backend\app.py:240]
2025-05-06 01:26:55,960 INFO: Serving static file: js/echarts.min.js [in D:\学习\24\3-信安赛\xinansai-backend\genguardian_backend\app.py:240]
2025-05-06 01:26:55,962 INFO: Serving static file: js/citymap.js [in D:\学习\24\3-信安赛\xinansai-backend\genguardian_backend\app.py:240]
2025-05-06 01:27:09,717 INFO: Serving static file: js/jquery.min.js [in D:\学习\24\3-信安赛\xinansai-backend\genguardian_backend\app.py:240]
2025-05-06 01:27:09,729 INFO: Serving static file: js/app.js [in D:\学习\24\3-信安赛\xinansai-backend\genguardian_backend\app.py:240]
2025-05-06 01:27:09,767 INFO: Serving static file: map/china.json [in D:\学习\24\3-信安赛\xinansai-backend\genguardian_backend\app.py:240]
2025-05-06 01:55:29,590 INFO: 应用启动 [in D:\学习\24\3-信安赛\xinansai-backend\genguardian_backend\app.py:39]
2025-05-06 01:55:29,592 INFO: 发现 21 个可用页面 [in D:\学习\24\3-信安赛\xinansai-backend\genguardian_backend\app.py:654]
2025-05-06 02:53:02,135 ERROR: Month directory not found: D:\学习\24\3-信安赛\xinansai-backend\genguardian_backend\user_data\reports\2025-04 [in D:\学习\24\3-信安赛\xinansai-backend\genguardian_backend\app.py:305]
2025-05-06 02:53:36,269 ERROR: Month directory not found: D:\学习\24\3-信安赛\xinansai-backend\genguardian_backend\user_data\reports\2025-04 [in D:\学习\24\3-信安赛\xinansai-backend\genguardian_backend\app.py:305]
2025-05-06 02:54:15,362 ERROR: Month directory not found: D:\学习\24\3-信安赛\xinansai-backend\genguardian_backend\user_data\reports\2025-04 [in D:\学习\24\3-信安赛\xinansai-backend\genguardian_backend\app.py:305]
2025-05-06 02:54:33,389 ERROR: Month directory not found: D:\学习\24\3-信安赛\xinansai-backend\genguardian_backend\user_data\reports\2025-04 [in D:\学习\24\3-信安赛\xinansai-backend\genguardian_backend\app.py:305]
2025-05-06 02:54:58,436 ERROR: Month directory not found: D:\学习\24\3-信安赛\xinansai-backend\genguardian_backend\user_data\reports\2025-04 [in D:\学习\24\3-信安赛\xinansai-backend\genguardian_backend\app.py:305]
2025-05-06 02:56:14,635 ERROR: Month directory not found: D:\学习\24\3-信安赛\xinansai-backend\genguardian_backend\user_data\reports\2025-04 [in D:\学习\24\3-信安赛\xinansai-backend\genguardian_backend\app.py:305]
2025-05-06 02:58:08,127 ERROR: Month directory not found: D:\学习\24\3-信安赛\xinansai-backend\genguardian_backend\user_data\reports\2025-04 [in D:\学习\24\3-信安赛\xinansai-backend\genguardian_backend\app.py:305]
2025-05-06 03:06:54,140 ERROR: Month directory not found: D:\学习\24\3-信安赛\xinansai-backend\genguardian_backend\user_data\reports\2025-04 [in D:\学习\24\3-信安赛\xinansai-backend\genguardian_backend\app.py:305]
2025-05-06 03:10:54,910 ERROR: Month directory not found: D:\学习\24\3-信安赛\xinansai-backend\genguardian_backend\user_data\reports\2025-04 [in D:\学习\24\3-信安赛\xinansai-backend\genguardian_backend\app.py:305]
2025-05-06 03:10:59,494 ERROR: Month directory not found: D:\学习\24\3-信安赛\xinansai-backend\genguardian_backend\user_data\reports\2025-04 [in D:\学习\24\3-信安赛\xinansai-backend\genguardian_backend\app.py:305]
2025-05-06 03:18:01,881 ERROR: Month directory not found: D:\学习\24\3-信安赛\xinansai-backend\genguardian_backend\user_data\reports\2025-04 [in D:\学习\24\3-信安赛\xinansai-backend\genguardian_backend\app.py:305]
2025-05-06 03:32:36,658 INFO: 应用启动 [in D:\学习\24\3-信安赛\xinansai-backend\genguardian_backend\app.py:39]
2025-05-06 03:32:36,661 INFO: 发现 21 个可用页面 [in D:\学习\24\3-信安赛\xinansai-backend\genguardian_backend\app.py:654]
2025-05-06 03:32:47,447 INFO: 应用启动 [in D:\学习\24\3-信安赛\xinansai-backend\genguardian_backend\app.py:39]
2025-05-06 03:32:47,450 INFO: 发现 21 个可用页面 [in D:\学习\24\3-信安赛\xinansai-backend\genguardian_backend\app.py:654]
2025-05-06 03:33:21,733 ERROR: Month directory not found: D:\学习\24\3-信安赛\xinansai-backend\genguardian_backend\user_data\reports\2025-04 [in D:\学习\24\3-信安赛\xinansai-backend\genguardian_backend\app.py:305]
